Detecting C [-std=c11] compiler features failed to compile with the following output:
Change Dir: /home/fredis/Guia#2_OR15011/Ejercicio1_2D/build/CMakeFiles/CMakeTmp

Run Build Command:"/usr/bin/make" "cmTC_47f5b/fast"
/usr/bin/make -f CMakeFiles/cmTC_47f5b.dir/build.make CMakeFiles/cmTC_47f5b.dir/build
make[1]: se entra en el directorio '/home/fredis/Guia#2_OR15011/Ejercicio1_2D/build/CMakeFiles/CMakeTmp'
make[1]: *** No hay ninguna regla para construir el objetivo '/home/fredis/Guia', necesario para 'CMakeFiles/cmTC_47f5b.dir/feature_tests.c.o'.  Alto.
make[1]: se sale del directorio '/home/fredis/Guia#2_OR15011/Ejercicio1_2D/build/CMakeFiles/CMakeTmp'
Makefile:126: fallo en las instrucciones para el objetivo 'cmTC_47f5b/fast'
make: *** [cmTC_47f5b/fast] Error 2



Detecting CXX [-std=c++14] compiler features failed to compile with the following output:
Change Dir: /home/fredis/Guia#2_OR15011/Ejercicio1_2D/build/CMakeFiles/CMakeTmp

Run Build Command:"/usr/bin/make" "cmTC_6cb94/fast"
/usr/bin/make -f CMakeFiles/cmTC_6cb94.dir/build.make CMakeFiles/cmTC_6cb94.dir/build
make[1]: se entra en el directorio '/home/fredis/Guia#2_OR15011/Ejercicio1_2D/build/CMakeFiles/CMakeTmp'
make[1]: *** No hay ninguna regla para construir el objetivo '/home/fredis/Guia', necesario para 'CMakeFiles/cmTC_6cb94.dir/feature_tests.cxx.o'.  Alto.
make[1]: se sale del directorio '/home/fredis/Guia#2_OR15011/Ejercicio1_2D/build/CMakeFiles/CMakeTmp'
Makefile:126: fallo en las instrucciones para el objetivo 'cmTC_6cb94/fast'
make: *** [cmTC_6cb94/fast] Error 2



