Detecting C [-std=c11] compiler features failed to compile with the following output:
Change Dir: /home/fredis/Guia#2_OR15011/Ejercicio6_2D/build/CMakeFiles/CMakeTmp

Run Build Command:"/usr/bin/make" "cmTC_e21e0/fast"
/usr/bin/make -f CMakeFiles/cmTC_e21e0.dir/build.make CMakeFiles/cmTC_e21e0.dir/build
make[1]: se entra en el directorio '/home/fredis/Guia#2_OR15011/Ejercicio6_2D/build/CMakeFiles/CMakeTmp'
make[1]: *** No hay ninguna regla para construir el objetivo '/home/fredis/Guia', necesario para 'CMakeFiles/cmTC_e21e0.dir/feature_tests.c.o'.  Alto.
make[1]: se sale del directorio '/home/fredis/Guia#2_OR15011/Ejercicio6_2D/build/CMakeFiles/CMakeTmp'
Makefile:126: fallo en las instrucciones para el objetivo 'cmTC_e21e0/fast'
make: *** [cmTC_e21e0/fast] Error 2



Detecting CXX [-std=c++14] compiler features failed to compile with the following output:
Change Dir: /home/fredis/Guia#2_OR15011/Ejercicio6_2D/build/CMakeFiles/CMakeTmp

Run Build Command:"/usr/bin/make" "cmTC_5d2e6/fast"
/usr/bin/make -f CMakeFiles/cmTC_5d2e6.dir/build.make CMakeFiles/cmTC_5d2e6.dir/build
make[1]: se entra en el directorio '/home/fredis/Guia#2_OR15011/Ejercicio6_2D/build/CMakeFiles/CMakeTmp'
make[1]: *** No hay ninguna regla para construir el objetivo '/home/fredis/Guia', necesario para 'CMakeFiles/cmTC_5d2e6.dir/feature_tests.cxx.o'.  Alto.
make[1]: se sale del directorio '/home/fredis/Guia#2_OR15011/Ejercicio6_2D/build/CMakeFiles/CMakeTmp'
Makefile:126: fallo en las instrucciones para el objetivo 'cmTC_5d2e6/fast'
make: *** [cmTC_5d2e6/fast] Error 2



