Detecting C [-std=c11] compiler features failed to compile with the following output:
Change Dir: /home/fredis/Guia#2_OR15011/Ejercicio2_2D/build/CMakeFiles/CMakeTmp

Run Build Command:"/usr/bin/make" "cmTC_ecb98/fast"
/usr/bin/make -f CMakeFiles/cmTC_ecb98.dir/build.make CMakeFiles/cmTC_ecb98.dir/build
make[1]: se entra en el directorio '/home/fredis/Guia#2_OR15011/Ejercicio2_2D/build/CMakeFiles/CMakeTmp'
make[1]: *** No hay ninguna regla para construir el objetivo '/home/fredis/Guia', necesario para 'CMakeFiles/cmTC_ecb98.dir/feature_tests.c.o'.  Alto.
make[1]: se sale del directorio '/home/fredis/Guia#2_OR15011/Ejercicio2_2D/build/CMakeFiles/CMakeTmp'
Makefile:126: fallo en las instrucciones para el objetivo 'cmTC_ecb98/fast'
make: *** [cmTC_ecb98/fast] Error 2



Detecting CXX [-std=c++14] compiler features failed to compile with the following output:
Change Dir: /home/fredis/Guia#2_OR15011/Ejercicio2_2D/build/CMakeFiles/CMakeTmp

Run Build Command:"/usr/bin/make" "cmTC_a6354/fast"
/usr/bin/make -f CMakeFiles/cmTC_a6354.dir/build.make CMakeFiles/cmTC_a6354.dir/build
make[1]: se entra en el directorio '/home/fredis/Guia#2_OR15011/Ejercicio2_2D/build/CMakeFiles/CMakeTmp'
make[1]: *** No hay ninguna regla para construir el objetivo '/home/fredis/Guia', necesario para 'CMakeFiles/cmTC_a6354.dir/feature_tests.cxx.o'.  Alto.
make[1]: se sale del directorio '/home/fredis/Guia#2_OR15011/Ejercicio2_2D/build/CMakeFiles/CMakeTmp'
Makefile:126: fallo en las instrucciones para el objetivo 'cmTC_a6354/fast'
make: *** [cmTC_a6354/fast] Error 2



