Detecting C [-std=c11] compiler features failed to compile with the following output:
Change Dir: /home/fredis/Guia#2_OR15011/Ejercicio4_2D/build/CMakeFiles/CMakeTmp

Run Build Command:"/usr/bin/make" "cmTC_5d22d/fast"
/usr/bin/make -f CMakeFiles/cmTC_5d22d.dir/build.make CMakeFiles/cmTC_5d22d.dir/build
make[1]: se entra en el directorio '/home/fredis/Guia#2_OR15011/Ejercicio4_2D/build/CMakeFiles/CMakeTmp'
make[1]: *** No hay ninguna regla para construir el objetivo '/home/fredis/Guia', necesario para 'CMakeFiles/cmTC_5d22d.dir/feature_tests.c.o'.  Alto.
make[1]: se sale del directorio '/home/fredis/Guia#2_OR15011/Ejercicio4_2D/build/CMakeFiles/CMakeTmp'
Makefile:126: fallo en las instrucciones para el objetivo 'cmTC_5d22d/fast'
make: *** [cmTC_5d22d/fast] Error 2



Detecting CXX [-std=c++14] compiler features failed to compile with the following output:
Change Dir: /home/fredis/Guia#2_OR15011/Ejercicio4_2D/build/CMakeFiles/CMakeTmp

Run Build Command:"/usr/bin/make" "cmTC_30f4a/fast"
/usr/bin/make -f CMakeFiles/cmTC_30f4a.dir/build.make CMakeFiles/cmTC_30f4a.dir/build
make[1]: se entra en el directorio '/home/fredis/Guia#2_OR15011/Ejercicio4_2D/build/CMakeFiles/CMakeTmp'
make[1]: *** No hay ninguna regla para construir el objetivo '/home/fredis/Guia', necesario para 'CMakeFiles/cmTC_30f4a.dir/feature_tests.cxx.o'.  Alto.
make[1]: se sale del directorio '/home/fredis/Guia#2_OR15011/Ejercicio4_2D/build/CMakeFiles/CMakeTmp'
Makefile:126: fallo en las instrucciones para el objetivo 'cmTC_30f4a/fast'
make: *** [cmTC_30f4a/fast] Error 2



